<?xml version="1.0" encoding="UTF-8"?>
<testng-results ignored="0" total="1" passed="1" failed="0" skipped="0">
  <reporter-output>
  </reporter-output>
  <suite started-at="2023-01-02T18:05:57 IST" name="Suite" finished-at="2023-01-02T18:06:05 IST" duration-ms="7544">
    <groups>
    </groups>
    <test started-at="2023-01-02T18:05:57 IST" name="Test" finished-at="2023-01-02T18:06:05 IST" duration-ms="7544">
      <class name="testCases.TC_001_Login">
        <test-method is-config="true" signature="setup(java.lang.String)[pri:0, instance:testCases.TC_001_Login@55182842]" started-at="2023-01-02T18:05:58 IST" name="setup" finished-at="2023-01-02T18:06:02 IST" duration-ms="3982" status="PASS">
          <params>
            <param index="0">
              <value>
                <![CDATA[chrome]]>
              </value>
            </param>
          </params>
          <reporter-output>
          </reporter-output>
        </test-method> <!-- setup -->
        <test-method signature="loginTest()[pri:0, instance:testCases.TC_001_Login@55182842]" started-at="2023-01-02T18:06:02 IST" name="loginTest" finished-at="2023-01-02T18:06:05 IST" duration-ms="3376" status="PASS">
          <reporter-output>
          </reporter-output>
        </test-method> <!-- loginTest -->
        <test-method is-config="true" signature="tearDown()[pri:0, instance:testCases.TC_001_Login@55182842]" started-at="2023-01-02T18:06:05 IST" name="tearDown" finished-at="2023-01-02T18:06:05 IST" duration-ms="1" status="PASS">
          <reporter-output>
          </reporter-output>
        </test-method> <!-- tearDown -->
      </class> <!-- testCases.TC_001_Login -->
    </test> <!-- Test -->
  </suite> <!-- Suite -->
</testng-results>
